\BOOKMARK [0][-]{section*.1}{Author's Declaration}{}% 1
\BOOKMARK [0][-]{section*.2}{Abstract}{}% 2
\BOOKMARK [0][-]{section*.3}{Acknowledgements}{}% 3
\BOOKMARK [0][-]{section*.6}{List of Figures}{}% 4
\BOOKMARK [0][-]{chapter.1}{Introduction}{}% 5
\BOOKMARK [0][-]{chapter.2}{Background Theory of Bayesian Techniques and WEST Interferometry}{}% 6
\BOOKMARK [1][-]{section.2.1}{The Tokamak}{chapter.2}% 7
\BOOKMARK [1][-]{section.2.2}{NICE}{chapter.2}% 8
\BOOKMARK [1][-]{section.2.3}{Bayesian Inference and the Simple Regression Problem}{chapter.2}% 9
\BOOKMARK [1][-]{section.2.4}{Interferometry and Polarimetry}{chapter.2}% 10
\BOOKMARK [1][-]{section.2.5}{Bayesian Inference for Interferometry}{chapter.2}% 11
\BOOKMARK [1][-]{section.2.6}{Chapter Summary}{chapter.2}% 12
\BOOKMARK [0][-]{chapter.3}{Methodology and Results}{}% 13
\BOOKMARK [0][-]{chapter.4}{Conclusion}{}% 14
\BOOKMARK [0][-]{chapter.5}{Future Investigation}{}% 15
\BOOKMARK [0][-]{section*.9}{References}{}% 16
\BOOKMARK [0][-]{appendix*.11}{APPENDICES}{}% 17
\BOOKMARK [0][-]{appendix.A}{Deriving the Closed Form Posterior Expressions}{}% 18
\BOOKMARK [0][-]{appendix.B}{Deriving the Marginal Likelihood and Loss Function Expression}{}% 19
\BOOKMARK [0][-]{appendix.C}{Complete Set of Distributions and Expressions for Reference}{}% 20
\BOOKMARK [1][-]{section.C.1}{Gaussian Process Regression for Interferometry, Discluding Artificial Observations}{appendix.C}% 21
\BOOKMARK [1][-]{section.C.2}{Gaussian Process Regression for Interferometry, Including Artificial Observations}{appendix.C}% 22
\BOOKMARK [0][-]{section*.12}{Glossary}{}% 23
